# JRE version: OpenJDK Runtime Environment (8.0_181-b13) (build 1.8.0_181-b13)
# Java VM: OpenJDK 64-Bit Server VM (25.181-b13 mixed mode linux-amd64 )
Heap:
 PSYoungGen      total 25405440K, used 0K [0x00007fa187300000, 0x00007fab1c800000, 0x00007fab1c800000)
  eden space 13399040K, 0% used [0x00007fa187300000,0x00007fa187300000,0x00007fa4b9000000)
  from space 12006400K, 0% used [0x00007fa83fb00000,0x00007fa83fb00000,0x00007fab1c800000)
  to   space 13398016K, 0% used [0x00007fa4b9000000,0x00007fa4b9000000,0x00007fa7eac00000)
 ParOldGen       total 54061056K, used 52906506K [0x00007f8e5c800000, 0x00007f9b40200000, 0x00007fa187300000)
  object space 54061056K, 97% used [0x00007f8e5c800000,0x00007f9af9a82b18,0x00007f9b40200000)
 Metaspace       used 69463K, capacity 72875K, committed 72960K, reserved 73728K
GC Heap History (25 events):
Event: 8.888 GC heap before
{Heap before GC invocations=1 (full 0):
 PSYoungGen      total 7645696K, used 2490378K [0x00007fa187300000, 0x00007fa39c800000, 0x00007fab1c800000)
  eden space 6553600K, 38% used [0x00007fa187300000,0x00007fa21f302820,0x00007fa317300000)
  from space 1092096K, 0% used [0x00007fa359d80000,0x00007fa359d80000,0x00007fa39c800000)
  to   space 1092096K, 0% used [0x00007fa317300000,0x00007fa317300000,0x00007fa359d80000)
 ParOldGen       total 17476608K, used 0K [0x00007f8e5c800000, 0x00007f9287300000, 0x00007fa187300000)
  object space 17476608K, 0% used [0x00007f8e5c800000,0x00007f8e5c800000,0x00007f9287300000)
 Metaspace       used 20936K, capacity 21138K, committed 21248K, reserved 22528K
Event: 9.390 GC heap after
Heap after GC invocations=1 (full 0):
 PSYoungGen      total 7645696K, used 176049K [0x00007fa187300000, 0x00007fa52c800000, 0x00007fab1c800000)
  eden space 6553600K, 0% used [0x00007fa187300000,0x00007fa187300000,0x00007fa317300000)
  from space 1092096K, 16% used [0x00007fa317300000,0x00007fa321eec7a0,0x00007fa359d80000)
  to   space 1092096K, 0% used [0x00007fa4e9d80000,0x00007fa4e9d80000,0x00007fa52c800000)
 ParOldGen       total 17476608K, used 176K [0x00007f8e5c800000, 0x00007f9287300000, 0x00007fa187300000)
  object space 17476608K, 0% used [0x00007f8e5c800000,0x00007f8e5c82c030,0x00007f9287300000)
 Metaspace       used 20936K, capacity 21138K, committed 21248K, reserved 22528K
}
Event: 9.390 GC heap before
{Heap before GC invocations=2 (full 1):
 PSYoungGen      total 7645696K, used 176049K [0x00007fa187300000, 0x00007fa52c800000, 0x00007fab1c800000)
  eden space 6553600K, 0% used [0x00007fa187300000,0x00007fa187300000,0x00007fa317300000)
  from space 1092096K, 16% used [0x00007fa317300000,0x00007fa321eec7a0,0x00007fa359d80000)
  to   space 1092096K, 0% used [0x00007fa4e9d80000,0x00007fa4e9d80000,0x00007fa52c800000)
 ParOldGen       total 17476608K, used 176K [0x00007f8e5c800000, 0x00007f9287300000, 0x00007fa187300000)
  object space 17476608K, 0% used [0x00007f8e5c800000,0x00007f8e5c82c030,0x00007f9287300000)
 Metaspace       used 20936K, capacity 21138K, committed 21248K, reserved 22528K
Event: 9.776 GC heap after
Heap after GC invocations=2 (full 1):
 PSYoungGen      total 7645696K, used 0K [0x00007fa187300000, 0x00007fa52c800000, 0x00007fab1c800000)
  eden space 6553600K, 0% used [0x00007fa187300000,0x00007fa187300000,0x00007fa317300000)
  from space 1092096K, 0% used [0x00007fa317300000,0x00007fa317300000,0x00007fa359d80000)
  to   space 1092096K, 0% used [0x00007fa4e9d80000,0x00007fa4e9d80000,0x00007fa52c800000)
 ParOldGen       total 17476608K, used 166587K [0x00007f8e5c800000, 0x00007f9287300000, 0x00007fa187300000)
  object space 17476608K, 0% used [0x00007f8e5c800000,0x00007f8e66aaefd8,0x00007f9287300000)
 Metaspace       used 20936K, capacity 21138K, committed 21248K, reserved 22528K
}
Event: 50.860 GC heap before
{Heap before GC invocations=3 (full 1):
 PSYoungGen      total 7645696K, used 6553600K [0x00007fa187300000, 0x00007fa52c800000, 0x00007fab1c800000)
  eden space 6553600K, 100% used [0x00007fa187300000,0x00007fa317300000,0x00007fa317300000)
  from space 1092096K, 0% used [0x00007fa317300000,0x00007fa317300000,0x00007fa359d80000)
  to   space 1092096K, 0% used [0x00007fa4e9d80000,0x00007fa4e9d80000,0x00007fa52c800000)
 ParOldGen       total 17476608K, used 166587K [0x00007f8e5c800000, 0x00007f9287300000, 0x00007fa187300000)
  object space 17476608K, 0% used [0x00007f8e5c800000,0x00007f8e66aaefd8,0x00007f9287300000)
 Metaspace       used 34290K, capacity 34851K, committed 35072K, reserved 36864K
Event: 51.296 GC heap after
Heap after GC invocations=3 (full 1):
 PSYoungGen      total 9807360K, used 414504K [0x00007fa187300000, 0x00007fa503280000, 0x00007fab1c800000)
  eden space 9392640K, 0% used [0x00007fa187300000,0x00007fa187300000,0x00007fa3c4780000)
  from space 414720K, 99% used [0x00007fa4e9d80000,0x00007fa50324a0d0,0x00007fa503280000)
  to   space 1092096K, 0% used [0x00007fa47dd80000,0x00007fa47dd80000,0x00007fa4c0800000)
 ParOldGen       total 17476608K, used 166643K [0x00007f8e5c800000, 0x00007f9287300000, 0x00007fa187300000)
  object space 17476608K, 0% used [0x00007f8e5c800000,0x00007f8e66abcc48,0x00007f9287300000)
 Metaspace       used 34290K, capacity 34851K, committed 35072K, reserved 36864K
}
Event: 52.319 GC heap before
{Heap before GC invocations=4 (full 1):
 PSYoungGen      total 9807360K, used 1322177K [0x00007fa187300000, 0x00007fa503280000, 0x00007fab1c800000)
  eden space 9392640K, 9% used [0x00007fa187300000,0x00007fa1be966608,0x00007fa3c4780000)
  from space 414720K, 99% used [0x00007fa4e9d80000,0x00007fa50324a0d0,0x00007fa503280000)
  to   space 1092096K, 0% used [0x00007fa47dd80000,0x00007fa47dd80000,0x00007fa4c0800000)
 ParOldGen       total 17476608K, used 166643K [0x00007f8e5c800000, 0x00007f9287300000, 0x00007fa187300000)
  object space 17476608K, 0% used [0x00007f8e5c800000,0x00007f8e66abcc48,0x00007f9287300000)
 Metaspace       used 34817K, capacity 35384K, committed 35416K, reserved 36864K
Event: 52.606 GC heap after
Heap after GC invocations=4 (full 1):
 PSYoungGen      total 13521920K, used 353457K [0x00007fa187300000, 0x00007fa5d7c00000, 0x00007fab1c800000)
  eden space 12429824K, 0% used [0x00007fa187300000,0x00007fa187300000,0x00007fa47dd80000)
  from space 1092096K, 32% used [0x00007fa47dd80000,0x00007fa4936ac758,0x00007fa4c0800000)
  to   space 1092096K, 0% used [0x00007fa595180000,0x00007fa595180000,0x00007fa5d7c00000)
 ParOldGen       total 17476608K, used 166651K [0x00007f8e5c800000, 0x00007f9287300000, 0x00007fa187300000)
  object space 17476608K, 0% used [0x00007f8e5c800000,0x00007f8e66abec48,0x00007f9287300000)
 Metaspace       used 34817K, capacity 35384K, committed 35416K, reserved 36864K
}
Event: 52.606 GC heap before
{Heap before GC invocations=5 (full 2):
 PSYoungGen      total 13521920K, used 353457K [0x00007fa187300000, 0x00007fa5d7c00000, 0x00007fab1c800000)
  eden space 12429824K, 0% used [0x00007fa187300000,0x00007fa187300000,0x00007fa47dd80000)
  from space 1092096K, 32% used [0x00007fa47dd80000,0x00007fa4936ac758,0x00007fa4c0800000)
  to   space 1092096K, 0% used [0x00007fa595180000,0x00007fa595180000,0x00007fa5d7c00000)
 ParOldGen       total 17476608K, used 166651K [0x00007f8e5c800000, 0x00007f9287300000, 0x00007fa187300000)
  object space 17476608K, 0% used [0x00007f8e5c800000,0x00007f8e66abec48,0x00007f9287300000)
 Metaspace       used 34817K, capacity 35384K, committed 35416K, reserved 36864K
Event: 52.915 GC heap after
Heap after GC invocations=5 (full 2):
 PSYoungGen      total 13521920K, used 0K [0x00007fa187300000, 0x00007fa5d7c00000, 0x00007fab1c800000)
  eden space 12429824K, 0% used [0x00007fa187300000,0x00007fa187300000,0x00007fa47dd80000)
  from space 1092096K, 0% used [0x00007fa47dd80000,0x00007fa47dd80000,0x00007fa4c0800000)
  to   space 1092096K, 0% used [0x00007fa595180000,0x00007fa595180000,0x00007fa5d7c00000)
 ParOldGen       total 17476608K, used 366472K [0x00007f8e5c800000, 0x00007f9287300000, 0x00007fa187300000)
  object space 17476608K, 2% used [0x00007f8e5c800000,0x00007f8e72de2050,0x00007f9287300000)
 Metaspace       used 34809K, capacity 35374K, committed 35416K, reserved 36864K
}
Event: 78.317 GC heap before
{Heap before GC invocations=6 (full 2):
 PSYoungGen      total 13521920K, used 2715517K [0x00007fa187300000, 0x00007fa5d7c00000, 0x00007fab1c800000)
  eden space 12429824K, 21% used [0x00007fa187300000,0x00007fa22cedf478,0x00007fa47dd80000)
  from space 1092096K, 0% used [0x00007fa47dd80000,0x00007fa47dd80000,0x00007fa4c0800000)
  to   space 1092096K, 0% used [0x00007fa595180000,0x00007fa595180000,0x00007fa5d7c00000)
 ParOldGen       total 17476608K, used 366472K [0x00007f8e5c800000, 0x00007f9287300000, 0x00007fa187300000)
  object space 17476608K, 2% used [0x00007f8e5c800000,0x00007f8e72de2050,0x00007f9287300000)
 Metaspace       used 57980K, capacity 59010K, committed 59028K, reserved 59392K
Event: 78.366 GC heap after
Heap after GC invocations=6 (full 2):
 PSYoungGen      total 17005056K, used 50633K [0x00007fa187300000, 0x00007fa737880000, 0x00007fab1c800000)
  eden space 15912960K, 0% used [0x00007fa187300000,0x00007fa187300000,0x00007fa552700000)
  from space 1092096K, 4% used [0x00007fa595180000,0x00007fa5982f2408,0x00007fa5d7c00000)
  to   space 1092096K, 0% used [0x00007fa552700000,0x00007fa552700000,0x00007fa595180000)
 ParOldGen       total 17476608K, used 366560K [0x00007f8e5c800000, 0x00007f9287300000, 0x00007fa187300000)
  object space 17476608K, 2% used [0x00007f8e5c800000,0x00007f8e72df8088,0x00007f9287300000)
 Metaspace       used 57980K, capacity 59010K, committed 59028K, reserved 59392K
}
Event: 78.366 GC heap before
{Heap before GC invocations=7 (full 3):
 PSYoungGen      total 17005056K, used 50633K [0x00007fa187300000, 0x00007fa737880000, 0x00007fab1c800000)
  eden space 15912960K, 0% used [0x00007fa187300000,0x00007fa187300000,0x00007fa552700000)
  from space 1092096K, 4% used [0x00007fa595180000,0x00007fa5982f2408,0x00007fa5d7c00000)
  to   space 1092096K, 0% used [0x00007fa552700000,0x00007fa552700000,0x00007fa595180000)
 ParOldGen       total 17476608K, used 366560K [0x00007f8e5c800000, 0x00007f9287300000, 0x00007fa187300000)
  object space 17476608K, 2% used [0x00007f8e5c800000,0x00007f8e72df8088,0x00007f9287300000)
 Metaspace       used 57980K, capacity 59010K, committed 59028K, reserved 59392K
Event: 78.557 GC heap after
Heap after GC invocations=7 (full 3):
 PSYoungGen      total 17005056K, used 0K [0x00007fa187300000, 0x00007fa737880000, 0x00007fab1c800000)
  eden space 15912960K, 0% used [0x00007fa187300000,0x00007fa187300000,0x00007fa552700000)
  from space 1092096K, 0% used [0x00007fa595180000,0x00007fa595180000,0x00007fa5d7c00000)
  to   space 1092096K, 0% used [0x00007fa552700000,0x00007fa552700000,0x00007fa595180000)
 ParOldGen       total 17476608K, used 360298K [0x00007f8e5c800000, 0x00007f9287300000, 0x00007fa187300000)
  object space 17476608K, 2% used [0x00007f8e5c800000,0x00007f8e727dabc8,0x00007f9287300000)
 Metaspace       used 57980K, capacity 59010K, committed 59028K, reserved 59392K
}
Event: 3819.657 GC heap before
{Heap before GC invocations=8 (full 3):
 PSYoungGen      total 17005056K, used 15912960K [0x00007fa187300000, 0x00007fa737880000, 0x00007fab1c800000)
  eden space 15912960K, 100% used [0x00007fa187300000,0x00007fa552700000,0x00007fa552700000)
  from space 1092096K, 0% used [0x00007fa595180000,0x00007fa595180000,0x00007fa5d7c00000)
  to   space 1092096K, 0% used [0x00007fa552700000,0x00007fa552700000,0x00007fa595180000)
 ParOldGen       total 17476608K, used 360298K [0x00007f8e5c800000, 0x00007f9287300000, 0x00007fa187300000)
  object space 17476608K, 2% used [0x00007f8e5c800000,0x00007f8e727dabc8,0x00007f9287300000)
 Metaspace       used 66512K, capacity 69709K, committed 69888K, reserved 71680K
Event: 3820.317 GC heap after
Heap after GC invocations=8 (full 3):
 PSYoungGen      total 17005056K, used 809231K [0x00007fa187300000, 0x00007fa886180000, 0x00007fab1c800000)
  eden space 15912960K, 0% used [0x00007fa187300000,0x00007fa187300000,0x00007fa552700000)
  from space 1092096K, 74% used [0x00007fa552700000,0x00007fa583d43ca8,0x00007fa595180000)
  to   space 843776K, 0% used [0x00007fa852980000,0x00007fa852980000,0x00007fa886180000)
 ParOldGen       total 17476608K, used 360314K [0x00007f8e5c800000, 0x00007f9287300000, 0x00007fa187300000)
  object space 17476608K, 2% used [0x00007f8e5c800000,0x00007f8e727debc8,0x00007f9287300000)
 Metaspace       used 66512K, capacity 69709K, committed 69888K, reserved 71680K
}
Event: 5371.359 GC heap before
{Heap before GC invocations=9 (full 3):
 PSYoungGen      total 17005056K, used 16722191K [0x00007fa187300000, 0x00007fa886180000, 0x00007fab1c800000)
  eden space 15912960K, 100% used [0x00007fa187300000,0x00007fa552700000,0x00007fa552700000)
  from space 1092096K, 74% used [0x00007fa552700000,0x00007fa583d43ca8,0x00007fa595180000)
  to   space 843776K, 0% used [0x00007fa852980000,0x00007fa852980000,0x00007fa886180000)
 ParOldGen       total 17476608K, used 360314K [0x00007f8e5c800000, 0x00007f9287300000, 0x00007fa187300000)
  object space 17476608K, 2% used [0x00007f8e5c800000,0x00007f8e727debc8,0x00007f9287300000)
 Metaspace       used 68405K, capacity 71861K, committed 71936K, reserved 73728K
Event: 5372.404 GC heap after
Heap after GC invocations=9 (full 3):
 PSYoungGen      total 27570176K, used 843775K [0x00007fa187300000, 0x00007fa886180000, 0x00007fab1c800000)
  eden space 26726400K, 0% used [0x00007fa187300000,0x00007fa187300000,0x00007fa7e6700000)
  from space 843776K, 99% used [0x00007fa852980000,0x00007fa88617fcb8,0x00007fa886180000)
  to   space 1153536K, 0% used [0x00007fa7f9480000,0x00007fa7f9480000,0x00007fa83fb00000)
 ParOldGen       total 17476608K, used 563837K [0x00007f8e5c800000, 0x00007f9287300000, 0x00007fa187300000)
  object space 17476608K, 3% used [0x00007f8e5c800000,0x00007f8e7ee9f758,0x00007f9287300000)
 Metaspace       used 68405K, capacity 71861K, committed 71936K, reserved 73728K
}
Event: 5449.917 GC heap before
{Heap before GC invocations=10 (full 3):
 PSYoungGen      total 27570176K, used 27515994K [0x00007fa187300000, 0x00007fa886180000, 0x00007fab1c800000)
  eden space 26726400K, 99% used [0x00007fa187300000,0x00007fa7e3216e18,0x00007fa7e6700000)
  from space 843776K, 99% used [0x00007fa852980000,0x00007fa88617fcb8,0x00007fa886180000)
  to   space 1153536K, 0% used [0x00007fa7f9480000,0x00007fa7f9480000,0x00007fa83fb00000)
 ParOldGen       total 17476608K, used 563837K [0x00007f8e5c800000, 0x00007f9287300000, 0x00007fa187300000)
  object space 17476608K, 3% used [0x00007f8e5c800000,0x00007f8e7ee9f758,0x00007f9287300000)
 Metaspace       used 69466K, capacity 72885K, committed 72960K, reserved 73728K
Event: 5458.937 GC heap after
Heap after GC invocations=10 (full 3):
 PSYoungGen      total 28188672K, used 1153513K [0x00007fa187300000, 0x00007fab1c800000, 0x00007fab1c800000)
  eden space 27035136K, 0% used [0x00007fa187300000,0x00007fa187300000,0x00007fa7f9480000)
  from space 1153536K, 99% used [0x00007fa7f9480000,0x00007fa83fafa4c8,0x00007fa83fb00000)
  to   space 12006400K, 0% used [0x00007fa83fb00000,0x00007fa83fb00000,0x00007fab1c800000)
 ParOldGen       total 26819072K, used 26818575K [0x00007f8e5c800000, 0x00007f94c1680000, 0x00007fa187300000)
  object space 26819072K, 99% used [0x00007f8e5c800000,0x00007f94c1603ed0,0x00007f94c1680000)
 Metaspace       used 69466K, capacity 72885K, committed 72960K, reserved 73728K
}
Event: 5458.937 GC heap before
{Heap before GC invocations=11 (full 4):
 PSYoungGen      total 28188672K, used 1153513K [0x00007fa187300000, 0x00007fab1c800000, 0x00007fab1c800000)
  eden space 27035136K, 0% used [0x00007fa187300000,0x00007fa187300000,0x00007fa7f9480000)
  from space 1153536K, 99% used [0x00007fa7f9480000,0x00007fa83fafa4c8,0x00007fa83fb00000)
  to   space 12006400K, 0% used [0x00007fa83fb00000,0x00007fa83fb00000,0x00007fab1c800000)
 ParOldGen       total 26819072K, used 26818575K [0x00007f8e5c800000, 0x00007f94c1680000, 0x00007fa187300000)
  object space 26819072K, 99% used [0x00007f8e5c800000,0x00007f94c1603ed0,0x00007f94c1680000)
 Metaspace       used 69466K, capacity 72885K, committed 72960K, reserved 73728K
Event: 5466.534 GC heap after
Heap after GC invocations=11 (full 4):
 PSYoungGen      total 28188672K, used 0K [0x00007fa187300000, 0x00007fab1c800000, 0x00007fab1c800000)
  eden space 27035136K, 0% used [0x00007fa187300000,0x00007fa187300000,0x00007fa7f9480000)
  from space 1153536K, 0% used [0x00007fa7f9480000,0x00007fa7f9480000,0x00007fa83fb00000)
  to   space 12006400K, 0% used [0x00007fa83fb00000,0x00007fa83fb00000,0x00007fab1c800000)
 ParOldGen       total 54061056K, used 26428011K [0x00007f8e5c800000, 0x00007f9b40200000, 0x00007fa187300000)
  object space 54061056K, 48% used [0x00007f8e5c800000,0x00007f94a989aed8,0x00007f9b40200000)
 Metaspace       used 69463K, capacity 72875K, committed 72960K, reserved 73728K
}
Event: 5496.246 GC heap before
{Heap before GC invocations=12 (full 4):
 PSYoungGen      total 28188672K, used 26977435K [0x00007fa187300000, 0x00007fab1c800000, 0x00007fab1c800000)
  eden space 27035136K, 99% used [0x00007fa187300000,0x00007fa7f5c26c78,0x00007fa7f9480000)
  from space 1153536K, 0% used [0x00007fa7f9480000,0x00007fa7f9480000,0x00007fa83fb00000)
  to   space 12006400K, 0% used [0x00007fa83fb00000,0x00007fa83fb00000,0x00007fab1c800000)
 ParOldGen       total 54061056K, used 26428011K [0x00007f8e5c800000, 0x00007f9b40200000, 0x00007fa187300000)
  object space 54061056K, 48% used [0x00007f8e5c800000,0x00007f94a989aed8,0x00007f9b40200000)
 Metaspace       used 69463K, capacity 72875K, committed 72960K, reserved 73728K
Event: 5504.927 GC heap after
Heap after GC invocations=12 (full 4):
 PSYoungGen      total 25405440K, used 11896478K [0x00007fa187300000, 0x00007fab1c800000, 0x00007fab1c800000)
  eden space 13399040K, 0% used [0x00007fa187300000,0x00007fa187300000,0x00007fa4b9000000)
  from space 12006400K, 99% used [0x00007fa83fb00000,0x00007fab15ca7a30,0x00007fab1c800000)
  to   space 13398016K, 0% used [0x00007fa4b9000000,0x00007fa4b9000000,0x00007fa7eac00000)
 ParOldGen       total 54061056K, used 47917673K [0x00007f8e5c800000, 0x00007f9b40200000, 0x00007fa187300000)
  object space 54061056K, 88% used [0x00007f8e5c800000,0x00007f99c929a458,0x00007f9b40200000)
 Metaspace       used 69463K, capacity 72875K, committed 72960K, reserved 73728K
}
Event: 5504.927 GC heap before
{Heap before GC invocations=13 (full 5):
 PSYoungGen      total 25405440K, used 11896478K [0x00007fa187300000, 0x00007fab1c800000, 0x00007fab1c800000)
  eden space 13399040K, 0% used [0x00007fa187300000,0x00007fa187300000,0x00007fa4b9000000)
  from space 12006400K, 99% used [0x00007fa83fb00000,0x00007fab15ca7a30,0x00007fab1c800000)
  to   space 13398016K, 0% used [0x00007fa4b9000000,0x00007fa4b9000000,0x00007fa7eac00000)
 ParOldGen       total 54061056K, used 47917673K [0x00007f8e5c800000, 0x00007f9b40200000, 0x00007fa187300000)
  object space 54061056K, 88% used [0x00007f8e5c800000,0x00007f99c929a458,0x00007f9b40200000)
 Metaspace       used 69463K, capacity 72875K, committed 72960K, reserved 73728K

